<?xml version="1.0" encoding="UTF-8"?>
<testsuite xmlns:xsi="http://www.w3.org/2001/XMLSchema-instance" xsi:noNamespaceSchemaLocation="https://maven.apache.org/surefire/maven-surefire-plugin/xsd/surefire-test-report.xsd" name="ru.yandex.practicum.filmorate.controller.UserControllerTest" time="0.184" tests="14" errors="0" skipped="0" failures="0">
  <properties>
[...]
</properties>
  <testcase name="createShouldThrowExceptionIfUserLoginIsNull" classname="ru.yandex.practicum.filmorate.controller.UserControllerTest" time="0.031"/>
  <testcase name="createShouldUseLoginIfUserNameIsNull" classname="ru.yandex.practicum.filmorate.controller.UserControllerTest" time="0.017"/>
  <testcase name="createShouldThrowExceptionIfUserEmailIsNull" classname="ru.yandex.practicum.filmorate.controller.UserControllerTest" time="0.002"/>
  <testcase name="createShouldThrowExceptionIfUserLoginContainsSpacesAtTheBeginning" classname="ru.yandex.practicum.filmorate.controller.UserControllerTest" time="0.001"/>
  <testcase name="createShouldThrowExceptionIfUserEmailDoesNotContainAt" classname="ru.yandex.practicum.filmorate.controller.UserControllerTest" time="0.002"/>
  <testcase name="createShouldThrowExceptionIfUserLoginContainsOnlySpaces" classname="ru.yandex.practicum.filmorate.controller.UserControllerTest" time="0.001"/>
  <testcase name="createShouldThrowExceptionIfUserBirthdayIsInTheFuture" classname="ru.yandex.practicum.filmorate.controller.UserControllerTest" time="0.002"/>
  <testcase name="findAllShouldReturnEmptyMapIfNothingAdded" classname="ru.yandex.practicum.filmorate.controller.UserControllerTest" time="0.002"/>
  <testcase name="createShouldThrowExceptionIfUserLoginIsEmpty" classname="ru.yandex.practicum.filmorate.controller.UserControllerTest" time="0.001"/>
  <testcase name="createShouldThrowExceptionIfUserLoginContainsSpacesInTheMiddle" classname="ru.yandex.practicum.filmorate.controller.UserControllerTest" time="0.001"/>
  <testcase name="createHappyPath" classname="ru.yandex.practicum.filmorate.controller.UserControllerTest" time="0.002"/>
  <testcase name="createShouldUseLoginIfUserNameIsEmpty" classname="ru.yandex.practicum.filmorate.controller.UserControllerTest" time="0.001"/>
  <testcase name="createShouldThrowExceptionIfUserLoginContainsSpacesAtTheEnd" classname="ru.yandex.practicum.filmorate.controller.UserControllerTest" time="0.001"/>
  <testcase name="updateShouldThrowExceptionIfFilmIdIsNotExist" classname="ru.yandex.practicum.filmorate.controller.UserControllerTest" time="0.006"/>
</testsuite>